Thu Jul 15 22:20:52 IST 2010: queued [http://www.dinamina.lk/2010/05/01/]
Thu Jul 15 22:20:52 IST 2010: *** started Sinhala Crawler
Thu Jul 15 22:20:52 IST 2010: retrieving [http://www.dinamina.lk/2010/05/01/]
Thu Jul 15 22:21:04 IST 2010: downloaded [http://www.dinamina.lk/2010/05/01/]
Thu Jul 15 22:21:04 IST 2010: skipped [http://www.dinamina.lk/img/favicon.ico]
Thu Jul 15 22:21:04 IST 2010: skipped [http://www.dinamina.lk/2010/05/01/dinamina.css]
Thu Jul 15 22:21:04 IST 2010: skipped [http://www.dinamina.lk/img/common/thumbnailviewer.css]
Thu Jul 15 22:21:04 IST 2010: skipped [http://www.dinamina.lk/img/common/thumbnailviewer.js]
Thu Jul 15 22:21:04 IST 2010: skipped [http://www.dinamina.lk/img/lh-logo-L_2009.jpg]
Thu Jul 15 22:21:04 IST 2010: skipped [http://www.dinamina.lk/img/mh-070122.jpg]
Thu Jul 15 22:21:04 IST 2010: skipped [http://www.dinamina.lk/img/top_sinhala-3.jpg]
Thu Jul 15 22:21:04 IST 2010: skipped [http://www.dinamina.lk/img/S-Flag.gif]
Thu Jul 15 22:21:04 IST 2010: skipped [http://www.dinamina.lk/2010/05/01/date-left.jpg]
Thu Jul 15 22:21:04 IST 2010: skipped [http://www.dinamina.lk/2010/05/01/date-center.jpg]
Thu Jul 15 22:21:04 IST 2010: queued [http://www.dinamina.lk/img/dinamina_sinhala.asp]
Thu Jul 15 22:21:04 IST 2010: retrieving [http://www.dinamina.lk/img/dinamina_sinhala.asp]
Thu Jul 15 22:21:04 IST 2010: skipped [http://www.dinamina.lk/img/sinhalaganna05.jpg]
Thu Jul 15 22:21:04 IST 2010: queued [http://www.dinamina.lk/img/archives.asp]
Thu Jul 15 22:21:04 IST 2010: skipped [http://www.dinamina.lk/img/pasugiyakalapa05.jpg]
Thu Jul 15 22:21:04 IST 2010: queued [http://www.dinamina.lk/advt/]
Thu Jul 15 22:21:04 IST 2010: skipped [http://www.dinamina.lk/img/danveemgasthu05.jpg]
Thu Jul 15 22:21:04 IST 2010: skipped [http://www.dinamina.lk/2010/05/01/spacer.gif]
Thu Jul 15 22:21:04 IST 2010: skipped [http://www.dinamina.lk/2010/05/01/spacer.gif]
Thu Jul 15 22:21:04 IST 2010: skipped [http://www.dinamina.lk/2010/05/01/spacer.gif]
Thu Jul 15 22:21:04 IST 2010: skipped [http://www.dinamina.lk/2010/05/01/spacer.gif]
Thu Jul 15 22:21:04 IST 2010: skipped [http://www.dinamina.lk/2010/05/01/spacer.gif]
Thu Jul 15 22:21:04 IST 2010: skipped [http://www.dinamina.lk/2010/05/01/spacer.gif]
Thu Jul 15 22:21:04 IST 2010: skipped [http://www.dinamina.lk/2010/05/01/spacer.gif]
Thu Jul 15 22:21:04 IST 2010: skipped [http://www.dinamina.lk/2010/05/01/spacer.gif]
Thu Jul 15 22:21:04 IST 2010: skipped [http://www.dinamina.lk/2010/05/01/spacer.gif]
Thu Jul 15 22:21:04 IST 2010: skipped [http://www.dinamina.lk/2010/05/01/spacer.gif]
Thu Jul 15 22:21:04 IST 2010: skipped [http://www.dinamina.lk/2010/05/01/spacer.gif]
Thu Jul 15 22:21:04 IST 2010: queued [http://www.dinamina.lk/2010/05/01]
Thu Jul 15 22:21:04 IST 2010: skipped [http://www.dinamina.lk/img/_links_r1_c1.jpg]
Thu Jul 15 22:21:04 IST 2010: queued [http://www.dinamina.lk/2010/05/01/_art.asp?fn=e100501]
Thu Jul 15 22:21:04 IST 2010: skipped [http://www.dinamina.lk/img/_links_r1_c2.jpg]
Thu Jul 15 22:21:04 IST 2010: queued [http://www.dinamina.lk/2010/05/01/_art.asp?fn=u1005011]
Thu Jul 15 22:21:04 IST 2010: skipped [http://www.dinamina.lk/img/_links_r1_c3.jpg]
Thu Jul 15 22:21:04 IST 2010: queued [http://www.dinamina.lk/2010/05/01/_art.asp?fn=p1005011]
Thu Jul 15 22:21:04 IST 2010: skipped [http://www.dinamina.lk/img/_links_r1_c4.jpg]
Thu Jul 15 22:21:04 IST 2010: queued [http://www.dinamina.lk/2010/05/01/_art.asp?fn=s1005011]
Thu Jul 15 22:21:04 IST 2010: skipped [http://www.dinamina.lk/img/_links_r1_c5.jpg]
Thu Jul 15 22:21:04 IST 2010: queued [http://www.dinamina.lk/2010/05/01/_art.asp?fn=f1005011]
Thu Jul 15 22:21:04 IST 2010: skipped [http://www.dinamina.lk/img/_links_r1_c6.jpg]
Thu Jul 15 22:21:04 IST 2010: queued [http://www.dinamina.lk/2010/05/01/_art.asp?fn=r1005011]
Thu Jul 15 22:21:04 IST 2010: skipped [http://www.dinamina.lk/img/_links_r1_c7.jpg]
Thu Jul 15 22:21:04 IST 2010: queued [http://www.dinamina.lk/2010/05/01/_art.asp?fn=w1005011]
Thu Jul 15 22:21:04 IST 2010: skipped [http://www.dinamina.lk/img/_links_r1_c8.jpg]
Thu Jul 15 22:21:04 IST 2010: queued [http://www.dinamina.lk/2010/05/01/_cartoon.asp]
Thu Jul 15 22:21:04 IST 2010: skipped [http://www.dinamina.lk/img/_links_r1_c9.jpg]
Thu Jul 15 22:21:04 IST 2010: queued [http://www.dinamina.lk/2010/05/01/_art.asp?fn=o100501]
Thu Jul 15 22:21:04 IST 2010: skipped [http://www.dinamina.lk/img/_links_r1_c10.jpg]
Thu Jul 15 22:21:04 IST 2010: skipped [http://www.dinamina.lk/2010/05/01/spacer.gif]
Thu Jul 15 22:21:04 IST 2010: queued [http://www.dinamina.lk/2010/05/01/mainpic_L.jpg]
Thu Jul 15 22:21:04 IST 2010: skipped [http://www.dinamina.lk/2010/05/01/mainpic.jpg]
Thu Jul 15 22:21:04 IST 2010: skipped [http://www.dinamina.lk/img/new_tag.gif]
Thu Jul 15 22:21:04 IST 2010: skipped [http://www.silumina.lk/GE2010/]
Thu Jul 15 22:21:04 IST 2010: skipped [http://www.dinamina.lk/2010/04/21/results.jpg]
Thu Jul 15 22:21:04 IST 2010: queued [http://www.dinamina.lk/PE2010/]
Thu Jul 15 22:21:04 IST 2010: skipped [http://www.dinamina.lk/img/PE2010results.jpg]
Thu Jul 15 22:21:04 IST 2010: queued [http://www.dinamina.lk/2009/12/17/siyswasaka-api/]
Thu Jul 15 22:21:04 IST 2010: skipped [http://www.dinamina.lk/img/siyawasakaapi1.jpg]
Thu Jul 15 22:21:04 IST 2010: queued [http://www.dinamina.lk/2009/12/17/siyawasaka%20dinamina/]
Thu Jul 15 22:21:04 IST 2010: skipped [http://www.dinamina.lk/img/siyawasakamehewara1.jpg]
Thu Jul 15 22:21:04 IST 2010: queued [http://www.dinamina.lk/2009/11/19/president]
Thu Jul 15 22:21:04 IST 2010: skipped [http://www.dinamina.lk/tags/df_tag.jpg]
Thu Jul 15 22:21:04 IST 2010: queued [http://www.dinamina.lk/2009/11/14/Nidahas]
Thu Jul 15 22:21:04 IST 2010: skipped [http://www.dinamina.lk/tags/Din_sup_tag.jpg]
Thu Jul 15 22:21:04 IST 2010: queued [http://www.dinamina.lk/NC/]
Thu Jul 15 22:21:04 IST 2010: skipped [http://www.dinamina.lk/tags/nc-2.jpg]
Thu Jul 15 22:21:04 IST 2010: queued [http://www.dinamina.lk/NC/pa_elec_2010]
Thu Jul 15 22:21:04 IST 2010: skipped [http://www.dinamina.lk/NC/pa_elec_2010/Main-tags.jpg]
Thu Jul 15 22:21:04 IST 2010: queued [http://www.dinamina.lk/NC/PE2010]
Thu Jul 15 22:21:04 IST 2010: skipped [http://www.dinamina.lk/NC/PE2010/Main-tags.jpg]
Thu Jul 15 22:21:04 IST 2010: queued [http://www.dinamina.lk/NC/Budget]
Thu Jul 15 22:21:04 IST 2010: skipped [http://www.dinamina.lk/NC/Budget/Main-tags.jpg]
Thu Jul 15 22:21:04 IST 2010: queued [http://www.dinamina.lk/NC/rubella%20ennatha/]
Thu Jul 15 22:21:04 IST 2010: skipped [http://www.dinamina.lk/tags/Main-rubella--tag.jpg]
Thu Jul 15 22:21:04 IST 2010: queued [http://www.dinamina.lk/NC/southern_election]
Thu Jul 15 22:21:04 IST 2010: skipped [http://www.dinamina.lk/NC/southern_election/Main-tags.jpg]
Thu Jul 15 22:21:04 IST 2010: queued [http://www.dinamina.lk/NC/Uva%20Chandaya/]
Thu Jul 15 22:21:04 IST 2010: skipped [http://www.dinamina.lk/tags/Main-tags-.jpg]
Thu Jul 15 22:21:04 IST 2010: queued [http://www.dinamina.lk/NC/Sukara%20Una/]
Thu Jul 15 22:21:04 IST 2010: skipped [http://www.dinamina.lk/tags/Main-tags.jpg]
Thu Jul 15 22:21:04 IST 2010: queued [http://www.dinamina.lk/NC/Dengi/]
Thu Jul 15 22:21:04 IST 2010: skipped [http://www.dinamina.lk/tags/Dengi_tag.jpg]
Thu Jul 15 22:21:04 IST 2010: queued [http://www.dinamina.lk/NC/memori_war/]
Thu Jul 15 22:21:04 IST 2010: skipped [http://www.dinamina.lk/tags/memori_war.jpg]
Thu Jul 15 22:21:04 IST 2010: queued [http://www.dinamina.lk/NC/rama/]
Thu Jul 15 22:21:04 IST 2010: skipped [http://www.dinamina.lk/tags/manushiya_meheuma.jpg]
Thu Jul 15 22:21:04 IST 2010: already visited [http://www.dinamina.lk/NC/]
Thu Jul 15 22:21:04 IST 2010: skipped [http://www.dinamina.lk/NC/scroll%20links/thavath_puwath.gif]
Thu Jul 15 22:21:04 IST 2010: skipped [http://www.apiwenuwenapi.co.uk/]
Thu Jul 15 22:21:04 IST 2010: skipped [http://www.dinamina.lk/Links/api-2.jpg]
Thu Jul 15 22:21:04 IST 2010: skipped [http://www.defence.lk]
Thu Jul 15 22:21:04 IST 2010: skipped [http://www.dinamina.lk/Links/mod.gif]
Thu Jul 15 22:21:04 IST 2010: skipped [http://www.trc.gov.lk/]
Thu Jul 15 22:21:04 IST 2010: skipped [http://www.dinamina.lk/Links/TRCSL.gif]
Thu Jul 15 22:21:04 IST 2010: skipped [http://silumina.lk/2010/04/25/_marriage_Proposals.asp]
Thu Jul 15 22:21:04 IST 2010: skipped [http://www.dinamina.lk/img/siluminaMP.jpg]
Thu Jul 15 22:21:04 IST 2010: skipped [http://silumina.lk/2010/04/25/_classifieds.asp]
Thu Jul 15 22:21:04 IST 2010: skipped [http://www.dinamina.lk/img/siluminaCL.jpg]
Thu Jul 15 22:21:04 IST 2010: skipped [http://www.dailynews.lk/2001/pix/GazetteS10-04-30.pdf]
Thu Jul 15 22:21:04 IST 2010: skipped [http://www.dinamina.lk/img/govt_gazette-lo.jpg]
Thu Jul 15 22:21:04 IST 2010: skipped [http://www.dinamina.lk/img/5pxSpace.jpg]
Thu Jul 15 22:21:04 IST 2010: skipped [http://www.dinamina.lk/web_ad/banner_ads_41.swf]
Thu Jul 15 22:21:04 IST 2010: skipped [http://www.dinamina.lk/img/n.jpg]
Thu Jul 15 22:21:04 IST 2010: skipped [http://www.dinamina.lk/2010/05/01/Gamini_Lokuge_main.jpg]
Thu Jul 15 22:21:04 IST 2010: queued විස්තර » [http://www.dinamina.lk/2010/05/01/_art.asp?fn=n1005011]
Thu Jul 15 22:21:04 IST 2010: skipped [http://www.dinamina.lk/2010/05/01/n-2_main.jpg]
Thu Jul 15 22:21:04 IST 2010: queued විස්තර » [http://www.dinamina.lk/2010/05/01/_art.asp?fn=n1005012]
Thu Jul 15 22:21:04 IST 2010: queued විස්තර » [http://www.dinamina.lk/2010/05/01/_art.asp?fn=n1005013]
Thu Jul 15 22:21:04 IST 2010: skipped [http://www.dinamina.lk/2010/05/01/President_main.jpg]
Thu Jul 15 22:21:04 IST 2010: retrieving [http://www.dinamina.lk/img/archives.asp]
Thu Jul 15 22:21:04 IST 2010: retrieving [http://www.dinamina.lk/advt/]
Thu Jul 15 22:21:04 IST 2010: queued විස්තර » [http://www.dinamina.lk/2010/05/01/_art.asp?fn=n1005015]
Thu Jul 15 22:21:04 IST 2010: skipped [http://www.dinamina.lk/2010/05/01/John_main.jpg]
Thu Jul 15 22:21:04 IST 2010: already visited විස්තර » [http://www.dinamina.lk/2010/05/01/_art.asp?fn=p1005011]
Thu Jul 15 22:21:04 IST 2010: skipped [http://www.dinamina.lk/img/n_h.jpg]
Thu Jul 15 22:21:04 IST 2010: skipped [http://www.dinamina.lk/img/bul1.jpg]
Thu Jul 15 22:21:04 IST 2010: queued කොළඹ මැයි රැලි 11ටම විශේෂ පොලිස් ආරක්ෂාව [http://www.dinamina.lk/2010/05/01/_art.asp?fn=n1005014]
Thu Jul 15 22:21:04 IST 2010: skipped [http://www.dinamina.lk/img/bul1.jpg]
Thu Jul 15 22:21:04 IST 2010: queued අලුත් රටක් හදන්න කම්කරු සහාය අත්‍යවශ්‍යයි [http://www.dinamina.lk/2010/05/01/_art.asp?fn=n1005016]
Thu Jul 15 22:21:04 IST 2010: skipped [http://www.dinamina.lk/img/bul1.jpg]
Thu Jul 15 22:21:04 IST 2010: queued රුපියල් කෝටි 12ක කංසා තොගයක් අත්අඩංගුවට [http://www.dinamina.lk/2010/05/01/_art.asp?fn=n1005018]
Thu Jul 15 22:21:04 IST 2010: skipped [http://www.dinamina.lk/img/bul1.jpg]
Thu Jul 15 22:21:04 IST 2010: queued උසාවියේ පෙනී සිටින්නැයි මුස්තාපාට නොතිසි [http://www.dinamina.lk/2010/05/01/_art.asp?fn=n1005019]
Thu Jul 15 22:21:04 IST 2010: skipped [http://www.dinamina.lk/img/bul1.jpg]
Thu Jul 15 22:21:04 IST 2010: queued ඈත දියඹේ මසුන් අල්ලන්න නවීන පන්නයේ බහුදින යාත්‍රා [http://www.dinamina.lk/2010/05/01/_art.asp?fn=n10050111]
Thu Jul 15 22:21:04 IST 2010: skipped [http://www.dinamina.lk/img/bul1.jpg]
Thu Jul 15 22:21:04 IST 2010: queued අඟුලාන ඝාතන සිද්ධියට සැක පොලිස් නිලධාරීන් තිදෙනෙක් නිදහස් [http://www.dinamina.lk/2010/05/01/_art.asp?fn=n10050112]
Thu Jul 15 22:21:04 IST 2010: skipped [http://www.dinamina.lk/img/bul1.jpg]
Thu Jul 15 22:21:04 IST 2010: queued අධ්‍යාපන ඇමැති බන්දුල පළාත් ඇමැතිවරුන් හමුවේ [http://www.dinamina.lk/2010/05/01/_art.asp?fn=n10050113]
Thu Jul 15 22:21:04 IST 2010: skipped [http://www.dinamina.lk/img/bul1.jpg]
Thu Jul 15 22:21:04 IST 2010: queued දසක පහක අත්දැකීම්වලින් උපරිම මෙහෙවර ඉටුකරනවා [http://www.dinamina.lk/2010/05/01/_art.asp?fn=n10050114]
Thu Jul 15 22:21:04 IST 2010: skipped [http://www.dinamina.lk/img/bul1.jpg]
Thu Jul 15 22:21:04 IST 2010: queued තේමීය හුරුල්ලේගේ මූලික අයිතිවාසිකම් පෙත්සම ඉවතට [http://www.dinamina.lk/2010/05/01/_art.asp?fn=n10050115]
Thu Jul 15 22:21:04 IST 2010: skipped [http://www.dinamina.lk/img/bul1.jpg]
Thu Jul 15 22:21:04 IST 2010: queued සියලු අමාත්‍යාංශවල උපදේශකවරුන්ගේ සේවා කාලය අවසන් [http://www.dinamina.lk/2010/05/01/_art.asp?fn=n10050116]
Thu Jul 15 22:21:04 IST 2010: skipped [http://www.dinamina.lk/img/5pxSpace.jpg]
Thu Jul 15 22:21:04 IST 2010: queued [http://www.dinamina.lk/epaper/]
Thu Jul 15 22:21:04 IST 2010: skipped [http://www.dinamina.lk/img/page1_epaper.gif]
Thu Jul 15 22:21:04 IST 2010: queued [http://www.dinamina.lk/web_ad/Navayugaya.pdf]
Thu Jul 15 22:21:04 IST 2010: skipped [http://www.dinamina.lk/web_ad/navayugaya.gif]
Thu Jul 15 22:21:04 IST 2010: skipped [http://www.lanka.info/index_srilanka.jsp]
Thu Jul 15 22:21:04 IST 2010: skipped [http://www.dinamina.lk/web_ad/kapruka_gifts.gif]
Thu Jul 15 22:21:04 IST 2010: skipped [http://www.dinamina.lk/web_ad/liya.swf]
Thu Jul 15 22:21:04 IST 2010: skipped [http://www.dinamina.lk/web_ad/ad_space.gif]
Thu Jul 15 22:21:04 IST 2010: skipped [http://www.dinamina.lk/web_ad/ad_space.gif]
Thu Jul 15 22:21:04 IST 2010: skipped [http://www.dinamina.lk/img/e.jpg]
Thu Jul 15 22:21:04 IST 2010: skipped [http://www.dinamina.lk/img/bul1.jpg]
Thu Jul 15 22:21:04 IST 2010: already visited දේශප්‍රේමී කම්කරුවා [http://www.dinamina.lk/2010/05/01/_art.asp?fn=e100501]
Thu Jul 15 22:21:04 IST 2010: skipped [http://www.dinamina.lk/img/u.jpg]
Thu Jul 15 22:21:04 IST 2010: skipped [http://www.dinamina.lk/img/bul1.jpg]
Thu Jul 15 22:21:04 IST 2010: already visited වළ දමා තිබූ ගිනි අවි තොගයක් ගොඩගනී [http://www.dinamina.lk/2010/05/01/_art.asp?fn=u1005011]
Thu Jul 15 22:21:04 IST 2010: skipped [http://www.dinamina.lk/img/p.jpg]
Thu Jul 15 22:21:04 IST 2010: skipped [http://www.dinamina.lk/img/bul1.jpg]
Thu Jul 15 22:21:04 IST 2010: already visited ජෝන් විපක්‍ෂ සංවිධායක කළාට එජාපය ඇතුළේ අර්බුද [http://www.dinamina.lk/2010/05/01/_art.asp?fn=p1005011]
Thu Jul 15 22:21:04 IST 2010: skipped [http://www.dinamina.lk/img/r.jpg]
Thu Jul 15 22:21:04 IST 2010: skipped [http://www.dinamina.lk/img/bul1.jpg]
Thu Jul 15 22:21:04 IST 2010: already visited ඇලිමුල්ල වෙල්යායට ජලය සපයන ‘කළුදිය අමුණ’ කැඩී ගිහින් [http://www.dinamina.lk/2010/05/01/_art.asp?fn=r1005011]
Thu Jul 15 22:21:04 IST 2010: skipped [http://www.dinamina.lk/img/s.jpg]
Thu Jul 15 22:21:04 IST 2010: skipped [http://www.dinamina.lk/img/bul1.jpg]
Thu Jul 15 22:21:04 IST 2010: already visited ඇෆ්ගනිස්තානය අද ප්‍රථම වතාවට ජගත් ක්‍රිකට් කෙළිබිමේ [http://www.dinamina.lk/2010/05/01/_art.asp?fn=s1005011]
Thu Jul 15 22:21:04 IST 2010: skipped [http://www.dinamina.lk/img/f.jpg]
Thu Jul 15 22:21:04 IST 2010: skipped [http://www.dinamina.lk/img/bul1.jpg]
Thu Jul 15 22:21:04 IST 2010: already visited පෞද්ගලික අංශයේ සේවකයන්ටත් විශ්‍රාම වැටුපක් ඕනෑමයි [http://www.dinamina.lk/2010/05/01/_art.asp?fn=f1005011]
Thu Jul 15 22:21:04 IST 2010: skipped [http://www.dinamina.lk/img/w.jpg]
Thu Jul 15 22:21:04 IST 2010: skipped [http://www.dinamina.lk/img/bul1.jpg]
Thu Jul 15 22:21:04 IST 2010: already visited නේපාල රජය පෙරළා දමනවා [http://www.dinamina.lk/2010/05/01/_art.asp?fn=w1005011]
Thu Jul 15 22:21:04 IST 2010: skipped [http://www.dinamina.lk/img/b.jpg]
Thu Jul 15 22:21:04 IST 2010: skipped [http://www.dinamina.lk/img/bul1.jpg]
Thu Jul 15 22:21:04 IST 2010: queued හේමාස් ආදර්ශ “පියවර” පෙර පාසලක් යාපනයේ [http://www.dinamina.lk/2010/05/01/_art.asp?fn=b1005011]
Thu Jul 15 22:21:04 IST 2010: skipped [http://www.dinamina.lk/img/c.jpg]
Thu Jul 15 22:21:04 IST 2010: already visited [http://www.dinamina.lk/2010/05/01/_cartoon.asp]
Thu Jul 15 22:21:04 IST 2010: skipped [http://www.dinamina.lk/2010/05/01/front-car.jpg]
Thu Jul 15 22:21:04 IST 2010: queued ශ්‍රී ලංකාවේ කාලගුණය [http://www.dinamina.lk/2010/05/01/_weather.asp]
Thu Jul 15 22:21:04 IST 2010: already visited [http://www.dinamina.lk/2010/05/01/_weather.asp]
Thu Jul 15 22:21:04 IST 2010: queued [http://www.dinamina.lk/2010/05/01/adaobata_L.jpg]
Thu Jul 15 22:21:04 IST 2010: skipped [http://www.dinamina.lk/img/adaobata.jpg]
Thu Jul 15 22:21:04 IST 2010: skipped [http://www.lakehouse.lk]
Thu Jul 15 22:21:04 IST 2010: skipped [http://www.dinamina.lk/img/Common/mastheads/lakehouse-head.jpg]
Thu Jul 15 22:21:04 IST 2010: skipped [http://www.silumina.lk]
Thu Jul 15 22:21:04 IST 2010: skipped [http://www.dinamina.lk/img/Common/mastheads/silu-head.jpg]
Thu Jul 15 22:21:04 IST 2010: skipped [http://www.sundayobserver.lk]
Thu Jul 15 22:21:04 IST 2010: skipped [http://www.dinamina.lk/img/Common/mastheads/so-head.jpg]
Thu Jul 15 22:21:04 IST 2010: skipped [http://www.dailynews.lk]
Thu Jul 15 22:21:04 IST 2010: skipped [http://www.dinamina.lk/img/Common/mastheads/cdn-head.jpg]
Thu Jul 15 22:21:04 IST 2010: skipped [http://www.thinakaran.lk]
Thu Jul 15 22:21:04 IST 2010: skipped [http://www.dinamina.lk/img/Common/mastheads/tkn-head.jpg]
Thu Jul 15 22:21:04 IST 2010: skipped [http://www.lakehouse.lk/budusarana]
Thu Jul 15 22:21:04 IST 2010: skipped [http://www.dinamina.lk/img/Common/mastheads/budu-head.jpg]
Thu Jul 15 22:21:04 IST 2010: skipped [http://www.sarasaviya.lk]
Thu Jul 15 22:21:04 IST 2010: skipped [http://www.dinamina.lk/img/Common/mastheads/sarasaviya.jpg]
Thu Jul 15 22:21:04 IST 2010: skipped [http://www.lakehouse.lk/mihintalava]
Thu Jul 15 22:21:04 IST 2010: skipped [http://www.dinamina.lk/img/Common/mastheads/mihin-head.jpg]
Thu Jul 15 22:21:04 IST 2010: skipped [http://www.dinamina.lk/img/footer-2010.jpg]
Thu Jul 15 22:21:04 IST 2010: skipped webmanager@lakehouse.lk [mailto:webmanager@lakehouse.lk]
Thu Jul 15 22:21:04 IST 2010: skipped [http://www.google-analytics.com/urchin.js]
Thu Jul 15 22:21:04 IST 2010: visited [http://www.dinamina.lk/2010/05/01/]
Thu Jul 15 22:21:04 IST 2010: retrieving [http://www.dinamina.lk/2010/05/01]
Thu Jul 15 22:21:07 IST 2010: downloaded [http://www.dinamina.lk/2010/05/01]
Thu Jul 15 22:21:07 IST 2010: skipped [http://www.dinamina.lk/img/favicon.ico]
Thu Jul 15 22:21:07 IST 2010: skipped [http://www.dinamina.lk/2010/05/01/dinamina.css]
Thu Jul 15 22:21:07 IST 2010: skipped [http://www.dinamina.lk/img/common/thumbnailviewer.css]
Thu Jul 15 22:21:07 IST 2010: skipped [http://www.dinamina.lk/img/common/thumbnailviewer.js]
Thu Jul 15 22:21:07 IST 2010: skipped [http://www.dinamina.lk/img/lh-logo-L_2009.jpg]
Thu Jul 15 22:21:07 IST 2010: skipped [http://www.dinamina.lk/img/mh-070122.jpg]
Thu Jul 15 22:21:07 IST 2010: skipped [http://www.dinamina.lk/img/top_sinhala-3.jpg]
Thu Jul 15 22:21:07 IST 2010: skipped [http://www.dinamina.lk/img/S-Flag.gif]
Thu Jul 15 22:21:07 IST 2010: skipped [http://www.dinamina.lk/2010/05/01/date-left.jpg]
Thu Jul 15 22:21:07 IST 2010: skipped [http://www.dinamina.lk/2010/05/01/date-center.jpg]
Thu Jul 15 22:21:07 IST 2010: already visited [http://www.dinamina.lk/img/dinamina_sinhala.asp]
Thu Jul 15 22:21:07 IST 2010: skipped [http://www.dinamina.lk/img/sinhalaganna05.jpg]
Thu Jul 15 22:21:07 IST 2010: already visited [http://www.dinamina.lk/img/archives.asp]
Thu Jul 15 22:21:07 IST 2010: skipped [http://www.dinamina.lk/img/pasugiyakalapa05.jpg]
Thu Jul 15 22:21:07 IST 2010: already visited [http://www.dinamina.lk/advt/]
Thu Jul 15 22:21:07 IST 2010: skipped [http://www.dinamina.lk/img/danveemgasthu05.jpg]
Thu Jul 15 22:21:07 IST 2010: skipped [http://www.dinamina.lk/2010/05/01/spacer.gif]
Thu Jul 15 22:21:07 IST 2010: skipped [http://www.dinamina.lk/2010/05/01/spacer.gif]
Thu Jul 15 22:21:07 IST 2010: skipped [http://www.dinamina.lk/2010/05/01/spacer.gif]
Thu Jul 15 22:21:07 IST 2010: skipped [http://www.dinamina.lk/2010/05/01/spacer.gif]
Thu Jul 15 22:21:07 IST 2010: skipped [http://www.dinamina.lk/2010/05/01/spacer.gif]
Thu Jul 15 22:21:07 IST 2010: skipped [http://www.dinamina.lk/2010/05/01/spacer.gif]
Thu Jul 15 22:21:07 IST 2010: skipped [http://www.dinamina.lk/2010/05/01/spacer.gif]
Thu Jul 15 22:21:07 IST 2010: skipped [http://www.dinamina.lk/2010/05/01/spacer.gif]
Thu Jul 15 22:21:07 IST 2010: skipped [http://www.dinamina.lk/2010/05/01/spacer.gif]
Thu Jul 15 22:21:07 IST 2010: skipped [http://www.dinamina.lk/2010/05/01/spacer.gif]
Thu Jul 15 22:21:07 IST 2010: skipped [http://www.dinamina.lk/2010/05/01/spacer.gif]
Thu Jul 15 22:21:07 IST 2010: already visited [http://www.dinamina.lk/2010/05/01]
Thu Jul 15 22:21:07 IST 2010: skipped [http://www.dinamina.lk/img/_links_r1_c1.jpg]
Thu Jul 15 22:21:07 IST 2010: already visited [http://www.dinamina.lk/2010/05/01/_art.asp?fn=e100501]
Thu Jul 15 22:21:07 IST 2010: skipped [http://www.dinamina.lk/img/_links_r1_c2.jpg]
Thu Jul 15 22:21:07 IST 2010: already visited [http://www.dinamina.lk/2010/05/01/_art.asp?fn=u1005011]
Thu Jul 15 22:21:07 IST 2010: skipped [http://www.dinamina.lk/img/_links_r1_c3.jpg]
Thu Jul 15 22:21:07 IST 2010: already visited [http://www.dinamina.lk/2010/05/01/_art.asp?fn=p1005011]
Thu Jul 15 22:21:07 IST 2010: skipped [http://www.dinamina.lk/img/_links_r1_c4.jpg]
Thu Jul 15 22:21:07 IST 2010: already visited [http://www.dinamina.lk/2010/05/01/_art.asp?fn=s1005011]
Thu Jul 15 22:21:07 IST 2010: skipped [http://www.dinamina.lk/img/_links_r1_c5.jpg]
Thu Jul 15 22:21:07 IST 2010: already visited [http://www.dinamina.lk/2010/05/01/_art.asp?fn=f1005011]
Thu Jul 15 22:21:07 IST 2010: skipped [http://www.dinamina.lk/img/_links_r1_c6.jpg]
Thu Jul 15 22:21:07 IST 2010: already visited [http://www.dinamina.lk/2010/05/01/_art.asp?fn=r1005011]
Thu Jul 15 22:21:07 IST 2010: skipped [http://www.dinamina.lk/img/_links_r1_c7.jpg]
Thu Jul 15 22:21:07 IST 2010: already visited [http://www.dinamina.lk/2010/05/01/_art.asp?fn=w1005011]
Thu Jul 15 22:21:07 IST 2010: skipped [http://www.dinamina.lk/img/_links_r1_c8.jpg]
Thu Jul 15 22:21:07 IST 2010: already visited [http://www.dinamina.lk/2010/05/01/_cartoon.asp]
Thu Jul 15 22:21:07 IST 2010: skipped [http://www.dinamina.lk/img/_links_r1_c9.jpg]
Thu Jul 15 22:21:07 IST 2010: already visited [http://www.dinamina.lk/2010/05/01/_art.asp?fn=o100501]
Thu Jul 15 22:21:07 IST 2010: skipped [http://www.dinamina.lk/img/_links_r1_c10.jpg]
Thu Jul 15 22:21:07 IST 2010: skipped [http://www.dinamina.lk/2010/05/01/spacer.gif]
Thu Jul 15 22:21:07 IST 2010: already visited [http://www.dinamina.lk/2010/05/01/mainpic_L.jpg]
Thu Jul 15 22:21:07 IST 2010: skipped [http://www.dinamina.lk/2010/05/01/mainpic.jpg]
Thu Jul 15 22:21:07 IST 2010: skipped [http://www.dinamina.lk/img/new_tag.gif]
Thu Jul 15 22:21:07 IST 2010: skipped [http://www.silumina.lk/GE2010/]
Thu Jul 15 22:21:07 IST 2010: skipped [http://www.dinamina.lk/2010/04/21/results.jpg]
Thu Jul 15 22:21:07 IST 2010: already visited [http://www.dinamina.lk/PE2010/]
Thu Jul 15 22:21:07 IST 2010: skipped [http://www.dinamina.lk/img/PE2010results.jpg]
Thu Jul 15 22:21:07 IST 2010: already visited [http://www.dinamina.lk/2009/12/17/siyswasaka-api/]
Thu Jul 15 22:21:07 IST 2010: skipped [http://www.dinamina.lk/img/siyawasakaapi1.jpg]
Thu Jul 15 22:21:07 IST 2010: already visited [http://www.dinamina.lk/2009/12/17/siyawasaka%20dinamina/]
Thu Jul 15 22:21:07 IST 2010: skipped [http://www.dinamina.lk/img/siyawasakamehewara1.jpg]
Thu Jul 15 22:21:07 IST 2010: already visited [http://www.dinamina.lk/2009/11/19/president]
Thu Jul 15 22:21:07 IST 2010: skipped [http://www.dinamina.lk/tags/df_tag.jpg]
Thu Jul 15 22:21:07 IST 2010: already visited [http://www.dinamina.lk/2009/11/14/Nidahas]
Thu Jul 15 22:21:07 IST 2010: skipped [http://www.dinamina.lk/tags/Din_sup_tag.jpg]
Thu Jul 15 22:21:07 IST 2010: already visited [http://www.dinamina.lk/NC/]
Thu Jul 15 22:21:07 IST 2010: skipped [http://www.dinamina.lk/tags/nc-2.jpg]
Thu Jul 15 22:21:07 IST 2010: already visited [http://www.dinamina.lk/NC/pa_elec_2010]
Thu Jul 15 22:21:07 IST 2010: skipped [http://www.dinamina.lk/NC/pa_elec_2010/Main-tags.jpg]
Thu Jul 15 22:21:07 IST 2010: already visited [http://www.dinamina.lk/NC/PE2010]
Thu Jul 15 22:21:07 IST 2010: skipped [http://www.dinamina.lk/NC/PE2010/Main-tags.jpg]
Thu Jul 15 22:21:07 IST 2010: already visited [http://www.dinamina.lk/NC/Budget]
Thu Jul 15 22:21:07 IST 2010: skipped [http://www.dinamina.lk/NC/Budget/Main-tags.jpg]
Thu Jul 15 22:21:07 IST 2010: already visited [http://www.dinamina.lk/NC/rubella%20ennatha/]
Thu Jul 15 22:21:07 IST 2010: skipped [http://www.dinamina.lk/tags/Main-rubella--tag.jpg]
Thu Jul 15 22:21:07 IST 2010: already visited [http://www.dinamina.lk/NC/southern_election]
Thu Jul 15 22:21:07 IST 2010: skipped [http://www.dinamina.lk/NC/southern_election/Main-tags.jpg]
Thu Jul 15 22:21:07 IST 2010: already visited [http://www.dinamina.lk/NC/Uva%20Chandaya/]
Thu Jul 15 22:21:07 IST 2010: skipped [http://www.dinamina.lk/tags/Main-tags-.jpg]
Thu Jul 15 22:21:07 IST 2010: already visited [http://www.dinamina.lk/NC/Sukara%20Una/]
Thu Jul 15 22:21:07 IST 2010: skipped [http://www.dinamina.lk/tags/Main-tags.jpg]
Thu Jul 15 22:21:07 IST 2010: already visited [http://www.dinamina.lk/NC/Dengi/]
Thu Jul 15 22:21:07 IST 2010: skipped [http://www.dinamina.lk/tags/Dengi_tag.jpg]
Thu Jul 15 22:21:07 IST 2010: already visited [http://www.dinamina.lk/NC/memori_war/]
Thu Jul 15 22:21:07 IST 2010: skipped [http://www.dinamina.lk/tags/memori_war.jpg]
Thu Jul 15 22:21:07 IST 2010: already visited [http://www.dinamina.lk/NC/rama/]
Thu Jul 15 22:21:07 IST 2010: skipped [http://www.dinamina.lk/tags/manushiya_meheuma.jpg]
Thu Jul 15 22:21:07 IST 2010: already visited [http://www.dinamina.lk/NC/]
Thu Jul 15 22:21:07 IST 2010: skipped [http://www.dinamina.lk/NC/scroll%20links/thavath_puwath.gif]
Thu Jul 15 22:21:07 IST 2010: skipped [http://www.apiwenuwenapi.co.uk/]
Thu Jul 15 22:21:07 IST 2010: skipped [http://www.dinamina.lk/Links/api-2.jpg]
Thu Jul 15 22:21:07 IST 2010: skipped [http://www.defence.lk]
Thu Jul 15 22:21:07 IST 2010: skipped [http://www.dinamina.lk/Links/mod.gif]
Thu Jul 15 22:21:07 IST 2010: skipped [http://www.trc.gov.lk/]
Thu Jul 15 22:21:07 IST 2010: skipped [http://www.dinamina.lk/Links/TRCSL.gif]
Thu Jul 15 22:21:07 IST 2010: skipped [http://silumina.lk/2010/04/25/_marriage_Proposals.asp]
Thu Jul 15 22:21:07 IST 2010: skipped [http://www.dinamina.lk/img/siluminaMP.jpg]
Thu Jul 15 22:21:07 IST 2010: skipped [http://silumina.lk/2010/04/25/_classifieds.asp]
Thu Jul 15 22:21:07 IST 2010: skipped [http://www.dinamina.lk/img/siluminaCL.jpg]
Thu Jul 15 22:21:07 IST 2010: skipped [http://www.dailynews.lk/2001/pix/GazetteS10-04-30.pdf]
Thu Jul 15 22:21:07 IST 2010: skipped [http://www.dinamina.lk/img/govt_gazette-lo.jpg]
Thu Jul 15 22:21:07 IST 2010: skipped [http://www.dinamina.lk/img/5pxSpace.jpg]
Thu Jul 15 22:21:07 IST 2010: skipped [http://www.dinamina.lk/web_ad/banner_ads_41.swf]
Thu Jul 15 22:21:07 IST 2010: skipped [http://www.dinamina.lk/img/n.jpg]
Thu Jul 15 22:21:07 IST 2010: skipped [http://www.dinamina.lk/2010/05/01/Gamini_Lokuge_main.jpg]
Thu Jul 15 22:21:07 IST 2010: already visited විස්තර » [http://www.dinamina.lk/2010/05/01/_art.asp?fn=n1005011]
Thu Jul 15 22:21:07 IST 2010: skipped [http://www.dinamina.lk/2010/05/01/n-2_main.jpg]
Thu Jul 15 22:21:07 IST 2010: already visited විස්තර » [http://www.dinamina.lk/2010/05/01/_art.asp?fn=n1005012]
Thu Jul 15 22:21:07 IST 2010: already visited විස්තර » [http://www.dinamina.lk/2010/05/01/_art.asp?fn=n1005013]
Thu Jul 15 22:21:07 IST 2010: skipped [http://www.dinamina.lk/2010/05/01/President_main.jpg]
Thu Jul 15 22:21:07 IST 2010: already visited විස්තර » [http://www.dinamina.lk/2010/05/01/_art.asp?fn=n1005015]
Thu Jul 15 22:21:07 IST 2010: skipped [http://www.dinamina.lk/2010/05/01/John_main.jpg]
Thu Jul 15 22:21:07 IST 2010: already visited විස්තර » [http://www.dinamina.lk/2010/05/01/_art.asp?fn=p1005011]
Thu Jul 15 22:21:07 IST 2010: skipped [http://www.dinamina.lk/img/n_h.jpg]
Thu Jul 15 22:21:07 IST 2010: skipped [http://www.dinamina.lk/img/bul1.jpg]
Thu Jul 15 22:21:07 IST 2010: already visited කොළඹ මැයි රැලි 11ටම විශේෂ පොලිස් ආරක්ෂාව [http://www.dinamina.lk/2010/05/01/_art.asp?fn=n1005014]
Thu Jul 15 22:21:07 IST 2010: skipped [http://www.dinamina.lk/img/bul1.jpg]
Thu Jul 15 22:21:07 IST 2010: already visited අලුත් රටක් හදන්න කම්කරු සහාය අත්‍යවශ්‍යයි [http://www.dinamina.lk/2010/05/01/_art.asp?fn=n1005016]
Thu Jul 15 22:21:07 IST 2010: skipped [http://www.dinamina.lk/img/bul1.jpg]
Thu Jul 15 22:21:07 IST 2010: already visited රුපියල් කෝටි 12ක කංසා තොගයක් අත්අඩංගුවට [http://www.dinamina.lk/2010/05/01/_art.asp?fn=n1005018]
Thu Jul 15 22:21:07 IST 2010: skipped [http://www.dinamina.lk/img/bul1.jpg]
Thu Jul 15 22:21:07 IST 2010: already visited උසාවියේ පෙනී සිටින්නැයි මුස්තාපාට නොතිසි [http://www.dinamina.lk/2010/05/01/_art.asp?fn=n1005019]
Thu Jul 15 22:21:07 IST 2010: skipped [http://www.dinamina.lk/img/bul1.jpg]
Thu Jul 15 22:21:07 IST 2010: already visited ඈත දියඹේ මසුන් අල්ලන්න නවීන පන්නයේ බහුදින යාත්‍රා [http://www.dinamina.lk/2010/05/01/_art.asp?fn=n10050111]
Thu Jul 15 22:21:07 IST 2010: skipped [http://www.dinamina.lk/img/bul1.jpg]
Thu Jul 15 22:21:07 IST 2010: already visited අඟුලාන ඝාතන සිද්ධියට සැක පොලිස් නිලධාරීන් තිදෙනෙක් නිදහස් [http://www.dinamina.lk/2010/05/01/_art.asp?fn=n10050112]
Thu Jul 15 22:21:07 IST 2010: skipped [http://www.dinamina.lk/img/bul1.jpg]
Thu Jul 15 22:21:07 IST 2010: already visited අධ්‍යාපන ඇමැති බන්දුල පළාත් ඇමැතිවරුන් හමුවේ [http://www.dinamina.lk/2010/05/01/_art.asp?fn=n10050113]
Thu Jul 15 22:21:07 IST 2010: skipped [http://www.dinamina.lk/img/bul1.jpg]
Thu Jul 15 22:21:07 IST 2010: already visited දසක පහක අත්දැකීම්වලින් උපරිම මෙහෙවර ඉටුකරනවා [http://www.dinamina.lk/2010/05/01/_art.asp?fn=n10050114]
Thu Jul 15 22:21:07 IST 2010: skipped [http://www.dinamina.lk/img/bul1.jpg]
Thu Jul 15 22:21:07 IST 2010: already visited තේමීය හුරුල්ලේගේ මූලික අයිතිවාසිකම් පෙත්සම ඉවතට [http://www.dinamina.lk/2010/05/01/_art.asp?fn=n10050115]
Thu Jul 15 22:21:07 IST 2010: skipped [http://www.dinamina.lk/img/bul1.jpg]
Thu Jul 15 22:21:07 IST 2010: already visited සියලු අමාත්‍යාංශවල උපදේශකවරුන්ගේ සේවා කාලය අවසන් [http://www.dinamina.lk/2010/05/01/_art.asp?fn=n10050116]
Thu Jul 15 22:21:07 IST 2010: skipped [http://www.dinamina.lk/img/5pxSpace.jpg]
Thu Jul 15 22:21:07 IST 2010: already visited [http://www.dinamina.lk/epaper/]
Thu Jul 15 22:21:07 IST 2010: skipped [http://www.dinamina.lk/img/page1_epaper.gif]
Thu Jul 15 22:21:07 IST 2010: already visited [http://www.dinamina.lk/web_ad/Navayugaya.pdf]
Thu Jul 15 22:21:07 IST 2010: skipped [http://www.dinamina.lk/web_ad/navayugaya.gif]
Thu Jul 15 22:21:07 IST 2010: skipped [http://www.lanka.info/index_srilanka.jsp]
Thu Jul 15 22:21:07 IST 2010: skipped [http://www.dinamina.lk/web_ad/kapruka_gifts.gif]
Thu Jul 15 22:21:07 IST 2010: skipped [http://www.dinamina.lk/web_ad/liya.swf]
Thu Jul 15 22:21:07 IST 2010: skipped [http://www.dinamina.lk/web_ad/ad_space.gif]
Thu Jul 15 22:21:07 IST 2010: skipped [http://www.dinamina.lk/web_ad/ad_space.gif]
Thu Jul 15 22:21:07 IST 2010: skipped [http://www.dinamina.lk/img/e.jpg]
Thu Jul 15 22:21:07 IST 2010: skipped [http://www.dinamina.lk/img/bul1.jpg]
Thu Jul 15 22:21:07 IST 2010: already visited දේශප්‍රේමී කම්කරුවා [http://www.dinamina.lk/2010/05/01/_art.asp?fn=e100501]
Thu Jul 15 22:21:07 IST 2010: skipped [http://www.dinamina.lk/img/u.jpg]
Thu Jul 15 22:21:07 IST 2010: skipped [http://www.dinamina.lk/img/bul1.jpg]
Thu Jul 15 22:21:07 IST 2010: already visited වළ දමා තිබූ ගිනි අවි තොගයක් ගොඩගනී [http://www.dinamina.lk/2010/05/01/_art.asp?fn=u1005011]
Thu Jul 15 22:21:07 IST 2010: skipped [http://www.dinamina.lk/img/p.jpg]
Thu Jul 15 22:21:07 IST 2010: skipped [http://www.dinamina.lk/img/bul1.jpg]
Thu Jul 15 22:21:07 IST 2010: already visited ජෝන් විපක්‍ෂ සංවිධායක කළාට එජාපය ඇතුළේ අර්බුද [http://www.dinamina.lk/2010/05/01/_art.asp?fn=p1005011]
Thu Jul 15 22:21:07 IST 2010: skipped [http://www.dinamina.lk/img/r.jpg]
Thu Jul 15 22:21:07 IST 2010: skipped [http://www.dinamina.lk/img/bul1.jpg]
Thu Jul 15 22:21:07 IST 2010: already visited ඇලිමුල්ල වෙල්යායට ජලය සපයන ‘කළුදිය අමුණ’ කැඩී ගිහින් [http://www.dinamina.lk/2010/05/01/_art.asp?fn=r1005011]
Thu Jul 15 22:21:07 IST 2010: skipped [http://www.dinamina.lk/img/s.jpg]
Thu Jul 15 22:21:07 IST 2010: skipped [http://www.dinamina.lk/img/bul1.jpg]
Thu Jul 15 22:21:07 IST 2010: already visited ඇෆ්ගනිස්තානය අද ප්‍රථම වතාවට ජගත් ක්‍රිකට් කෙළිබිමේ [http://www.dinamina.lk/2010/05/01/_art.asp?fn=s1005011]
Thu Jul 15 22:21:07 IST 2010: skipped [http://www.dinamina.lk/img/f.jpg]
Thu Jul 15 22:21:07 IST 2010: skipped [http://www.dinamina.lk/img/bul1.jpg]
Thu Jul 15 22:21:07 IST 2010: already visited පෞද්ගලික අංශයේ සේවකයන්ටත් විශ්‍රාම වැටුපක් ඕනෑමයි [http://www.dinamina.lk/2010/05/01/_art.asp?fn=f1005011]
Thu Jul 15 22:21:07 IST 2010: skipped [http://www.dinamina.lk/img/w.jpg]
Thu Jul 15 22:21:07 IST 2010: skipped [http://www.dinamina.lk/img/bul1.jpg]
Thu Jul 15 22:21:07 IST 2010: already visited නේපාල රජය පෙරළා දමනවා [http://www.dinamina.lk/2010/05/01/_art.asp?fn=w1005011]
Thu Jul 15 22:21:07 IST 2010: skipped [http://www.dinamina.lk/img/b.jpg]
Thu Jul 15 22:21:07 IST 2010: skipped [http://www.dinamina.lk/img/bul1.jpg]
Thu Jul 15 22:21:07 IST 2010: already visited හේමාස් ආදර්ශ “පියවර” පෙර පාසලක් යාපනයේ [http://www.dinamina.lk/2010/05/01/_art.asp?fn=b1005011]
Thu Jul 15 22:21:07 IST 2010: skipped [http://www.dinamina.lk/img/c.jpg]
Thu Jul 15 22:21:07 IST 2010: already visited [http://www.dinamina.lk/2010/05/01/_cartoon.asp]
Thu Jul 15 22:21:07 IST 2010: skipped [http://www.dinamina.lk/2010/05/01/front-car.jpg]
Thu Jul 15 22:21:07 IST 2010: already visited ශ්‍රී ලංකාවේ කාලගුණය [http://www.dinamina.lk/2010/05/01/_weather.asp]
Thu Jul 15 22:21:07 IST 2010: already visited [http://www.dinamina.lk/2010/05/01/_weather.asp]
Thu Jul 15 22:21:07 IST 2010: already visited [http://www.dinamina.lk/2010/05/01/adaobata_L.jpg]
Thu Jul 15 22:21:07 IST 2010: skipped [http://www.dinamina.lk/img/adaobata.jpg]
Thu Jul 15 22:21:07 IST 2010: skipped [http://www.lakehouse.lk]
Thu Jul 15 22:21:07 IST 2010: skipped [http://www.dinamina.lk/img/Common/mastheads/lakehouse-head.jpg]
Thu Jul 15 22:21:07 IST 2010: skipped [http://www.silumina.lk]
Thu Jul 15 22:21:07 IST 2010: skipped [http://www.dinamina.lk/img/Common/mastheads/silu-head.jpg]
Thu Jul 15 22:21:07 IST 2010: skipped [http://www.sundayobserver.lk]
Thu Jul 15 22:21:07 IST 2010: skipped [http://www.dinamina.lk/img/Common/mastheads/so-head.jpg]
Thu Jul 15 22:21:07 IST 2010: skipped [http://www.dailynews.lk]
Thu Jul 15 22:21:07 IST 2010: skipped [http://www.dinamina.lk/img/Common/mastheads/cdn-head.jpg]
Thu Jul 15 22:21:07 IST 2010: skipped [http://www.thinakaran.lk]
Thu Jul 15 22:21:07 IST 2010: skipped [http://www.dinamina.lk/img/Common/mastheads/tkn-head.jpg]
Thu Jul 15 22:21:07 IST 2010: skipped [http://www.lakehouse.lk/budusarana]
Thu Jul 15 22:21:07 IST 2010: skipped [http://www.dinamina.lk/img/Common/mastheads/budu-head.jpg]
Thu Jul 15 22:21:07 IST 2010: skipped [http://www.sarasaviya.lk]
Thu Jul 15 22:21:07 IST 2010: skipped [http://www.dinamina.lk/img/Common/mastheads/sarasaviya.jpg]
Thu Jul 15 22:21:07 IST 2010: skipped [http://www.lakehouse.lk/mihintalava]
Thu Jul 15 22:21:07 IST 2010: skipped [http://www.dinamina.lk/img/Common/mastheads/mihin-head.jpg]
Thu Jul 15 22:21:07 IST 2010: skipped [http://www.dinamina.lk/img/footer-2010.jpg]
Thu Jul 15 22:21:07 IST 2010: skipped webmanager@lakehouse.lk [mailto:webmanager@lakehouse.lk]
Thu Jul 15 22:21:07 IST 2010: skipped [http://www.google-analytics.com/urchin.js]
Thu Jul 15 22:21:07 IST 2010: visited [http://www.dinamina.lk/2010/05/01]
Thu Jul 15 22:21:07 IST 2010: retrieving [http://www.dinamina.lk/2010/05/01/_art.asp?fn=e100501]
Thu Jul 15 22:21:08 IST 2010: downloaded [http://www.dinamina.lk/img/dinamina_sinhala.asp]
Thu Jul 15 22:21:08 IST 2010: skipped [http://www.dinamina.lk/img/small%20tags/lh-logo-L.jpg]
Thu Jul 15 22:21:08 IST 2010: skipped [http://www.dinamina.lk/img/mh-070122.jpg]
Thu Jul 15 22:21:08 IST 2010: skipped [http://www.dinamina.lk/img/top_sinhala-3.jpg]
Thu Jul 15 22:21:08 IST 2010: skipped Windows XP service pack 2  [http://www.microsoft.com/windowsxp/sp2/default.mspx]
Thu Jul 15 22:21:08 IST 2010: skipped “Sinhala pack” [http://www.lakehouse.lk/font/SinhalaXP1.0.zip]
Thu Jul 15 22:21:08 IST 2010: skipped Download Sinhala kit for Windows XP with Service Pack 3 (beta version) - 15MB [http://www.lakehouse.lk/font/SinhalaTamilKit_XP_SP3.exe]
Thu Jul 15 22:21:08 IST 2010: skipped Download the patch - 1MB [http://www.lakehouse.lk/font/SinhalaTamilKit_PatchSP3.exe]
Thu Jul 15 22:21:08 IST 2010: skipped "Malithiweb" [http://www.lakehouse.lk/font/FM-MalithiUW46.ttf]
Thu Jul 15 22:21:08 IST 2010: skipped Internet Explorer 6  [http://www.microsoft.com/downloads/details.aspx?FamilyID=1e1550cb-5e5d-48f5-b02b-20b602228de6&DisplayLang=en]
Thu Jul 15 22:21:08 IST 2010: skipped Web Manager@lakehouse.lk [mailto:webmanager@lakehouse.lk?subject=sinhala unicode]
Thu Jul 15 22:21:08 IST 2010: skipped [http://www.dinamina.lk/img/copyright-sinhala-2.jpg]
Thu Jul 15 22:21:08 IST 2010: skipped webmanager@lakehouse.lk [mailto:webmanager@lakehouse.lk]
Thu Jul 15 22:21:08 IST 2010: visited [http://www.dinamina.lk/img/dinamina_sinhala.asp]
Thu Jul 15 22:21:08 IST 2010: retrieving [http://www.dinamina.lk/2010/05/01/_art.asp?fn=u1005011]
Thu Jul 15 22:21:09 IST 2010: downloaded [http://www.dinamina.lk/advt/]
Thu Jul 15 22:21:09 IST 2010: skipped [http://www.dinamina.lk/advt/advt.css]
Thu Jul 15 22:21:09 IST 2010: skipped [http://www.dinamina.lk/advt/ANCLlogo.jpg]
Thu Jul 15 22:21:09 IST 2010: skipped webmarketing@lakehouse.lk [mailto:webmarketing@lakehouse.lk]
Thu Jul 15 22:21:09 IST 2010: skipped webmanager@lakehouse.lk [mailto:webmanager@lakehouse.lk]
Thu Jul 15 22:21:09 IST 2010: skipped [http://www.dinamina.lk/advt/bg_Cor_L.jpg]
Thu Jul 15 22:21:09 IST 2010: skipped [http://www.dinamina.lk/advt/bg_Cor.jpg]
Thu Jul 15 22:21:09 IST 2010: visited [http://www.dinamina.lk/advt/]
Thu Jul 15 22:21:09 IST 2010: retrieving [http://www.dinamina.lk/2010/05/01/_art.asp?fn=p1005011]
Thu Jul 15 22:21:11 IST 2010: downloaded [http://www.dinamina.lk/2010/05/01/_art.asp?fn=u1005011]
Thu Jul 15 22:21:11 IST 2010: skipped [http://www.dinamina.lk/2010/05/01/dinamina.css]
Thu Jul 15 22:21:11 IST 2010: skipped [http://www.dinamina.lk/img/lh-logo-L_2009.jpg]
Thu Jul 15 22:21:11 IST 2010: skipped [http://www.dinamina.lk/img/mh-070122.jpg]
Thu Jul 15 22:21:11 IST 2010: skipped [http://www.dinamina.lk/img/top_sinhala-3.jpg]
Thu Jul 15 22:21:11 IST 2010: skipped [http://www.dinamina.lk/img/S-Flag.gif]
Thu Jul 15 22:21:11 IST 2010: skipped [http://www.dinamina.lk/2010/05/01/date-left.jpg]
Thu Jul 15 22:21:11 IST 2010: skipped [http://www.dinamina.lk/2010/05/01/date-center.jpg]
Thu Jul 15 22:21:11 IST 2010: already visited [http://www.dinamina.lk/img/dinamina_sinhala.asp]
Thu Jul 15 22:21:11 IST 2010: skipped [http://www.dinamina.lk/img/sinhalaganna05.jpg]
Thu Jul 15 22:21:11 IST 2010: already visited [http://www.dinamina.lk/img/archives.asp]
Thu Jul 15 22:21:11 IST 2010: skipped [http://www.dinamina.lk/img/pasugiyakalapa05.jpg]
Thu Jul 15 22:21:11 IST 2010: already visited [http://www.dinamina.lk/advt/]
Thu Jul 15 22:21:11 IST 2010: skipped [http://www.dinamina.lk/img/danveemgasthu05.jpg]
Thu Jul 15 22:21:11 IST 2010: skipped [http://www.dinamina.lk/2010/05/01/spacer.gif]
Thu Jul 15 22:21:11 IST 2010: skipped [http://www.dinamina.lk/2010/05/01/spacer.gif]
Thu Jul 15 22:21:11 IST 2010: skipped [http://www.dinamina.lk/2010/05/01/spacer.gif]
Thu Jul 15 22:21:11 IST 2010: skipped [http://www.dinamina.lk/2010/05/01/spacer.gif]
Thu Jul 15 22:21:11 IST 2010: skipped [http://www.dinamina.lk/2010/05/01/spacer.gif]
Thu Jul 15 22:21:11 IST 2010: skipped [http://www.dinamina.lk/2010/05/01/spacer.gif]
Thu Jul 15 22:21:11 IST 2010: skipped [http://www.dinamina.lk/2010/05/01/spacer.gif]
Thu Jul 15 22:21:11 IST 2010: skipped [http://www.dinamina.lk/2010/05/01/spacer.gif]
Thu Jul 15 22:21:11 IST 2010: skipped [http://www.dinamina.lk/2010/05/01/spacer.gif]
Thu Jul 15 22:21:11 IST 2010: skipped [http://www.dinamina.lk/2010/05/01/spacer.gif]
Thu Jul 15 22:21:11 IST 2010: skipped [http://www.dinamina.lk/2010/05/01/spacer.gif]
Thu Jul 15 22:21:11 IST 2010: already visited [http://www.dinamina.lk/2010/05/01]
Thu Jul 15 22:21:11 IST 2010: skipped [http://www.dinamina.lk/img/_links_r1_c1.jpg]
Thu Jul 15 22:21:11 IST 2010: already visited [http://www.dinamina.lk/2010/05/01/_art.asp?fn=e100501]
Thu Jul 15 22:21:11 IST 2010: skipped [http://www.dinamina.lk/img/_links_r1_c2.jpg]
Thu Jul 15 22:21:11 IST 2010: already visited [http://www.dinamina.lk/2010/05/01/_art.asp?fn=u1005011]
Thu Jul 15 22:21:11 IST 2010: skipped [http://www.dinamina.lk/img/_links_r1_c3.jpg]
Thu Jul 15 22:21:11 IST 2010: already visited [http://www.dinamina.lk/2010/05/01/_art.asp?fn=p1005011]
Thu Jul 15 22:21:11 IST 2010: skipped [http://www.dinamina.lk/img/_links_r1_c4.jpg]
Thu Jul 15 22:21:11 IST 2010: already visited [http://www.dinamina.lk/2010/05/01/_art.asp?fn=s1005011]
Thu Jul 15 22:21:11 IST 2010: skipped [http://www.dinamina.lk/img/_links_r1_c5.jpg]
Thu Jul 15 22:21:11 IST 2010: already visited [http://www.dinamina.lk/2010/05/01/_art.asp?fn=f1005011]
Thu Jul 15 22:21:11 IST 2010: skipped [http://www.dinamina.lk/img/_links_r1_c6.jpg]
Thu Jul 15 22:21:11 IST 2010: already visited [http://www.dinamina.lk/2010/05/01/_art.asp?fn=r1005011]
Thu Jul 15 22:21:11 IST 2010: skipped [http://www.dinamina.lk/img/_links_r1_c7.jpg]
Thu Jul 15 22:21:11 IST 2010: already visited [http://www.dinamina.lk/2010/05/01/_art.asp?fn=w1005011]
Thu Jul 15 22:21:11 IST 2010: skipped [http://www.dinamina.lk/img/_links_r1_c8.jpg]
Thu Jul 15 22:21:11 IST 2010: already visited [http://www.dinamina.lk/2010/05/01/_cartoon.asp]
Thu Jul 15 22:21:11 IST 2010: skipped [http://www.dinamina.lk/img/_links_r1_c9.jpg]
Thu Jul 15 22:21:11 IST 2010: already visited [http://www.dinamina.lk/2010/05/01/_art.asp?fn=o100501]
Thu Jul 15 22:21:11 IST 2010: skipped [http://www.dinamina.lk/img/_links_r1_c10.jpg]
Thu Jul 15 22:21:11 IST 2010: skipped [http://www.dinamina.lk/2010/05/01/spacer.gif]
Thu Jul 15 22:21:11 IST 2010: skipped [http://www.dinamina.lk/img/u.jpg]
Thu Jul 15 22:21:11 IST 2010: skipped [http://www.dinamina.lk/img/bul1.jpg]
Thu Jul 15 22:21:11 IST 2010: skipped [http://www.dinamina.lk/2010/05/01/dinamina.css]
Thu Jul 15 22:21:11 IST 2010: skipped කර්තෘට ලියන්න [mailto:editor@dinamina.lk?subject=Feedback:]
Thu Jul 15 22:21:11 IST 2010: skipped [http://www.dinamina.lk/img/email_icon.jpg]
Thu Jul 15 22:21:11 IST 2010: queued මුද්‍රණය සඳහා [http://www.dinamina.lk/2010/05/01/_art.asp?fn=u1005011&p=1]
Thu Jul 15 22:21:11 IST 2010: skipped [http://www.dinamina.lk/img/print_icon1.gif]
Thu Jul 15 22:21:11 IST 2010: skipped [http://www.lakehouse.lk]
Thu Jul 15 22:21:11 IST 2010: skipped [http://www.dinamina.lk/img/Common/mastheads/lakehouse-head.jpg]
Thu Jul 15 22:21:11 IST 2010: skipped [http://www.silumina.lk]
Thu Jul 15 22:21:11 IST 2010: skipped [http://www.dinamina.lk/img/Common/mastheads/silu-head.jpg]
Thu Jul 15 22:21:11 IST 2010: skipped [http://www.sundayobserver.lk]
Thu Jul 15 22:21:11 IST 2010: skipped [http://www.dinamina.lk/img/Common/mastheads/so-head.jpg]
Thu Jul 15 22:21:11 IST 2010: skipped [http://www.dailynews.lk]
Thu Jul 15 22:21:11 IST 2010: skipped [http://www.dinamina.lk/img/Common/mastheads/cdn-head.jpg]
Thu Jul 15 22:21:11 IST 2010: skipped [http://www.thinakaran.lk]
Thu Jul 15 22:21:11 IST 2010: skipped [http://www.dinamina.lk/img/Common/mastheads/tkn-head.jpg]
Thu Jul 15 22:21:11 IST 2010: skipped [http://www.lakehouse.lk/budusarana]
Thu Jul 15 22:21:11 IST 2010: skipped [http://www.dinamina.lk/img/Common/mastheads/budu-head.jpg]
Thu Jul 15 22:21:11 IST 2010: skipped [http://www.sarasaviya.lk]
Thu Jul 15 22:21:11 IST 2010: skipped [http://www.dinamina.lk/img/Common/mastheads/sarasaviya.jpg]
Thu Jul 15 22:21:11 IST 2010: skipped [http://www.lakehouse.lk/mihintalava]
Thu Jul 15 22:21:11 IST 2010: skipped [http://www.dinamina.lk/img/Common/mastheads/mihin-head.jpg]
Thu Jul 15 22:21:11 IST 2010: skipped [http://www.dinamina.lk/img/footer-2010.jpg]
Thu Jul 15 22:21:11 IST 2010: skipped webmanager@lakehouse.lk [mailto:webmanager@lakehouse.lk]
Thu Jul 15 22:21:11 IST 2010: skipped [http://www.google-analytics.com/urchin.js]
Thu Jul 15 22:21:11 IST 2010: visited [http://www.dinamina.lk/2010/05/01/_art.asp?fn=u1005011]
Thu Jul 15 22:21:11 IST 2010: retrieving මුද්‍රණය සඳහා [http://www.dinamina.lk/2010/05/01/_art.asp?fn=u1005011&p=1]
Thu Jul 15 22:21:12 IST 2010: downloaded මුද්‍රණය සඳහා [http://www.dinamina.lk/2010/05/01/_art.asp?fn=u1005011&p=1]
Thu Jul 15 22:21:12 IST 2010: skipped [http://www.dinamina.lk/2010/05/01/dinamina.css]
Thu Jul 15 22:21:12 IST 2010: skipped [http://www.dinamina.lk/img/Dinamina_Print.jpg]
Thu Jul 15 22:21:12 IST 2010: skipped [http://www.dinamina.lk/2010/05/01/qvgl]
Thu Jul 15 22:21:12 IST 2010: skipped [http://www.dinamina.lk/img/print_icon1.gif]
Thu Jul 15 22:21:12 IST 2010: skipped [http://www.dinamina.lk/2010/05/01/dinamina.css]
Thu Jul 15 22:21:12 IST 2010: skipped webmanager@lakehouse.lk [mailto:webmanager@lakehouse.lk?subject=දිණමිණ]
Thu Jul 15 22:21:12 IST 2010: visited මුද්‍රණය සඳහා [http://www.dinamina.lk/2010/05/01/_art.asp?fn=u1005011&p=1]
Thu Jul 15 22:21:12 IST 2010: retrieving [http://www.dinamina.lk/2010/05/01/_art.asp?fn=s1005011]
Thu Jul 15 22:21:12 IST 2010: downloaded [http://www.dinamina.lk/2010/05/01/_art.asp?fn=p1005011]
Thu Jul 15 22:21:12 IST 2010: skipped [http://www.dinamina.lk/2010/05/01/dinamina.css]
Thu Jul 15 22:21:12 IST 2010: skipped [http://www.dinamina.lk/img/lh-logo-L_2009.jpg]
Thu Jul 15 22:21:12 IST 2010: skipped [http://www.dinamina.lk/img/mh-070122.jpg]
Thu Jul 15 22:21:12 IST 2010: skipped [http://www.dinamina.lk/img/top_sinhala-3.jpg]
Thu Jul 15 22:21:12 IST 2010: skipped [http://www.dinamina.lk/img/S-Flag.gif]
Thu Jul 15 22:21:12 IST 2010: skipped [http://www.dinamina.lk/2010/05/01/date-left.jpg]
Thu Jul 15 22:21:12 IST 2010: skipped [http://www.dinamina.lk/2010/05/01/date-center.jpg]
Thu Jul 15 22:21:12 IST 2010: already visited [http://www.dinamina.lk/img/dinamina_sinhala.asp]
Thu Jul 15 22:21:12 IST 2010: skipped [http://www.dinamina.lk/img/sinhalaganna05.jpg]
Thu Jul 15 22:21:12 IST 2010: already visited [http://www.dinamina.lk/img/archives.asp]
Thu Jul 15 22:21:12 IST 2010: skipped [http://www.dinamina.lk/img/pasugiyakalapa05.jpg]
Thu Jul 15 22:21:12 IST 2010: already visited [http://www.dinamina.lk/advt/]
Thu Jul 15 22:21:12 IST 2010: skipped [http://www.dinamina.lk/img/danveemgasthu05.jpg]
Thu Jul 15 22:21:12 IST 2010: skipped [http://www.dinamina.lk/2010/05/01/spacer.gif]
Thu Jul 15 22:21:12 IST 2010: skipped [http://www.dinamina.lk/2010/05/01/spacer.gif]
Thu Jul 15 22:21:12 IST 2010: skipped [http://www.dinamina.lk/2010/05/01/spacer.gif]
Thu Jul 15 22:21:12 IST 2010: skipped [http://www.dinamina.lk/2010/05/01/spacer.gif]
Thu Jul 15 22:21:12 IST 2010: skipped [http://www.dinamina.lk/2010/05/01/spacer.gif]
Thu Jul 15 22:21:12 IST 2010: skipped [http://www.dinamina.lk/2010/05/01/spacer.gif]
Thu Jul 15 22:21:12 IST 2010: skipped [http://www.dinamina.lk/2010/05/01/spacer.gif]
Thu Jul 15 22:21:12 IST 2010: skipped [http://www.dinamina.lk/2010/05/01/spacer.gif]
Thu Jul 15 22:21:12 IST 2010: skipped [http://www.dinamina.lk/2010/05/01/spacer.gif]
Thu Jul 15 22:21:12 IST 2010: skipped [http://www.dinamina.lk/2010/05/01/spacer.gif]
Thu Jul 15 22:21:12 IST 2010: skipped [http://www.dinamina.lk/2010/05/01/spacer.gif]
Thu Jul 15 22:21:12 IST 2010: already visited [http://www.dinamina.lk/2010/05/01]
Thu Jul 15 22:21:12 IST 2010: skipped [http://www.dinamina.lk/img/_links_r1_c1.jpg]
Thu Jul 15 22:21:12 IST 2010: already visited [http://www.dinamina.lk/2010/05/01/_art.asp?fn=e100501]
Thu Jul 15 22:21:12 IST 2010: skipped [http://www.dinamina.lk/img/_links_r1_c2.jpg]
Thu Jul 15 22:21:12 IST 2010: already visited [http://www.dinamina.lk/2010/05/01/_art.asp?fn=u1005011]
Thu Jul 15 22:21:12 IST 2010: skipped [http://www.dinamina.lk/img/_links_r1_c3.jpg]
Thu Jul 15 22:21:12 IST 2010: already visited [http://www.dinamina.lk/2010/05/01/_art.asp?fn=p1005011]
Thu Jul 15 22:21:12 IST 2010: skipped [http://www.dinamina.lk/img/_links_r1_c4.jpg]
Thu Jul 15 22:21:12 IST 2010: already visited [http://www.dinamina.lk/2010/05/01/_art.asp?fn=s1005011]
Thu Jul 15 22:21:12 IST 2010: skipped [http://www.dinamina.lk/img/_links_r1_c5.jpg]
Thu Jul 15 22:21:12 IST 2010: already visited [http://www.dinamina.lk/2010/05/01/_art.asp?fn=f1005011]
Thu Jul 15 22:21:12 IST 2010: skipped [http://www.dinamina.lk/img/_links_r1_c6.jpg]
Thu Jul 15 22:21:12 IST 2010: already visited [http://www.dinamina.lk/2010/05/01/_art.asp?fn=r1005011]
Thu Jul 15 22:21:12 IST 2010: skipped [http://www.dinamina.lk/img/_links_r1_c7.jpg]
Thu Jul 15 22:21:12 IST 2010: already visited [http://www.dinamina.lk/2010/05/01/_art.asp?fn=w1005011]
Thu Jul 15 22:21:12 IST 2010: skipped [http://www.dinamina.lk/img/_links_r1_c8.jpg]
Thu Jul 15 22:21:12 IST 2010: already visited [http://www.dinamina.lk/2010/05/01/_cartoon.asp]
Thu Jul 15 22:21:12 IST 2010: skipped [http://www.dinamina.lk/img/_links_r1_c9.jpg]
Thu Jul 15 22:21:12 IST 2010: already visited [http://www.dinamina.lk/2010/05/01/_art.asp?fn=o100501]
Thu Jul 15 22:21:12 IST 2010: skipped [http://www.dinamina.lk/img/_links_r1_c10.jpg]
Thu Jul 15 22:21:12 IST 2010: skipped [http://www.dinamina.lk/2010/05/01/spacer.gif]
Thu Jul 15 22:21:12 IST 2010: skipped [http://www.dinamina.lk/img/p.jpg]
Thu Jul 15 22:21:12 IST 2010: skipped [http://www.dinamina.lk/img/bul1.jpg]
Thu Jul 15 22:21:12 IST 2010: skipped [http://www.dinamina.lk/img/bul1.jpg]
Thu Jul 15 22:21:12 IST 2010: queued ලංවිම ජාතික සේවක සංගමය ඇමැති පාඨලීට සහාය පළ කරයි [http://www.dinamina.lk/2010/05/01/_art.asp?fn=p1005012]
Thu Jul 15 22:21:12 IST 2010: skipped [http://www.dinamina.lk/img/bul1.jpg]
Thu Jul 15 22:21:12 IST 2010: queued කම්කරු කොංග්‍රසයේ මැයි රැලිය අද තලවකැලේදී [http://www.dinamina.lk/2010/05/01/_art.asp?fn=p1005013]
Thu Jul 15 22:21:12 IST 2010: skipped [http://www.dinamina.lk/2010/05/01/dinamina.css]
Thu Jul 15 22:21:12 IST 2010: skipped [http://www.dinamina.lk/2010/05/01/John.jpg]
Thu Jul 15 22:21:12 IST 2010: skipped කර්තෘට ලියන්න [mailto:editor@dinamina.lk?subject=Feedback:]
Thu Jul 15 22:21:12 IST 2010: skipped [http://www.dinamina.lk/img/email_icon.jpg]
Thu Jul 15 22:21:12 IST 2010: queued මුද්‍රණය සඳහා [http://www.dinamina.lk/2010/05/01/_art.asp?fn=p1005011&p=1]
Thu Jul 15 22:21:12 IST 2010: skipped [http://www.dinamina.lk/img/print_icon1.gif]
Thu Jul 15 22:21:12 IST 2010: skipped [http://www.lakehouse.lk]
Thu Jul 15 22:21:12 IST 2010: skipped [http://www.dinamina.lk/img/Common/mastheads/lakehouse-head.jpg]
Thu Jul 15 22:21:12 IST 2010: skipped [http://www.silumina.lk]
Thu Jul 15 22:21:12 IST 2010: skipped [http://www.dinamina.lk/img/Common/mastheads/silu-head.jpg]
Thu Jul 15 22:21:12 IST 2010: skipped [http://www.sundayobserver.lk]
Thu Jul 15 22:21:12 IST 2010: skipped [http://www.dinamina.lk/img/Common/mastheads/so-head.jpg]
Thu Jul 15 22:21:12 IST 2010: skipped [http://www.dailynews.lk]
Thu Jul 15 22:21:12 IST 2010: skipped [http://www.dinamina.lk/img/Common/mastheads/cdn-head.jpg]
Thu Jul 15 22:21:12 IST 2010: skipped [http://www.thinakaran.lk]
Thu Jul 15 22:21:12 IST 2010: skipped [http://www.dinamina.lk/img/Common/mastheads/tkn-head.jpg]
Thu Jul 15 22:21:12 IST 2010: skipped [http://www.lakehouse.lk/budusarana]
Thu Jul 15 22:21:12 IST 2010: skipped [http://www.dinamina.lk/img/Common/mastheads/budu-head.jpg]
Thu Jul 15 22:21:12 IST 2010: skipped [http://www.sarasaviya.lk]
Thu Jul 15 22:21:12 IST 2010: skipped [http://www.dinamina.lk/img/Common/mastheads/sarasaviya.jpg]
Thu Jul 15 22:21:12 IST 2010: skipped [http://www.lakehouse.lk/mihintalava]
Thu Jul 15 22:21:12 IST 2010: skipped [http://www.dinamina.lk/img/Common/mastheads/mihin-head.jpg]
Thu Jul 15 22:21:12 IST 2010: skipped [http://www.dinamina.lk/img/footer-2010.jpg]
Thu Jul 15 22:21:12 IST 2010: skipped webmanager@lakehouse.lk [mailto:webmanager@lakehouse.lk]
Thu Jul 15 22:21:12 IST 2010: skipped [http://www.google-analytics.com/urchin.js]
Thu Jul 15 22:21:12 IST 2010: visited [http://www.dinamina.lk/2010/05/01/_art.asp?fn=p1005011]
Thu Jul 15 22:21:12 IST 2010: retrieving ලංවිම ජාතික සේවක සංගමය ඇමැති පාඨලීට සහාය පළ කරයි [http://www.dinamina.lk/2010/05/01/_art.asp?fn=p1005012]
Thu Jul 15 22:21:12 IST 2010: downloaded [http://www.dinamina.lk/img/archives.asp]
Thu Jul 15 22:21:12 IST 2010: skipped [http://www.dinamina.lk/img/ArchDina.jpg]
Thu Jul 15 22:21:12 IST 2010: skipped [http://www.dinamina.lk/img/archives_.jpg]
Thu Jul 15 22:21:12 IST 2010: skipped [http://www.dinamina.lk/img/archives.asp?]
Thu Jul 15 22:21:12 IST 2010: queued 1 [http://www.dinamina.lk/2010/07/01]
Thu Jul 15 22:21:12 IST 2010: queued 2 [http://www.dinamina.lk/2010/07/02]
Thu Jul 15 22:21:12 IST 2010: queued 3 [http://www.dinamina.lk/2010/07/03]
Thu Jul 15 22:21:12 IST 2010: skipped 4 [http://www.silumina.lk/2010/07/04]
Thu Jul 15 22:21:12 IST 2010: queued 5 [http://www.dinamina.lk/2010/07/05]
Thu Jul 15 22:21:12 IST 2010: queued 6 [http://www.dinamina.lk/2010/07/06]
Thu Jul 15 22:21:12 IST 2010: queued 7 [http://www.dinamina.lk/2010/07/07]
Thu Jul 15 22:21:12 IST 2010: queued 8 [http://www.dinamina.lk/2010/07/08]
Thu Jul 15 22:21:12 IST 2010: queued 9 [http://www.dinamina.lk/2010/07/09]
Thu Jul 15 22:21:12 IST 2010: queued 10 [http://www.dinamina.lk/2010/07/10]
Thu Jul 15 22:21:12 IST 2010: skipped 11 [http://www.silumina.lk/2010/07/11]
Thu Jul 15 22:21:12 IST 2010: queued 12 [http://www.dinamina.lk/2010/07/12]
Thu Jul 15 22:21:12 IST 2010: queued 13 [http://www.dinamina.lk/2010/07/13]
Thu Jul 15 22:21:12 IST 2010: queued 14 [http://www.dinamina.lk/2010/07/14]
Thu Jul 15 22:21:12 IST 2010: already visited << [http://www.dinamina.lk/img/archives.asp#]
Thu Jul 15 22:21:12 IST 2010: already visited [http://www.dinamina.lk/img/archives.asp#]
Thu Jul 15 22:21:12 IST 2010: visited [http://www.dinamina.lk/img/archives.asp]
Thu Jul 15 22:21:12 IST 2010: retrieving 1 [http://www.dinamina.lk/2010/07/01]
Thu Jul 15 22:21:13 IST 2010: downloaded [http://www.dinamina.lk/2010/05/01/_art.asp?fn=e100501]
Thu Jul 15 22:21:14 IST 2010: skipped [http://www.dinamina.lk/2010/05/01/dinamina.css]
Thu Jul 15 22:21:14 IST 2010: skipped [http://www.dinamina.lk/img/lh-logo-L_2009.jpg]
Thu Jul 15 22:21:14 IST 2010: skipped [http://www.dinamina.lk/img/mh-070122.jpg]
Thu Jul 15 22:21:14 IST 2010: skipped [http://www.dinamina.lk/img/top_sinhala-3.jpg]
Thu Jul 15 22:21:14 IST 2010: skipped [http://www.dinamina.lk/img/S-Flag.gif]
Thu Jul 15 22:21:14 IST 2010: skipped [http://www.dinamina.lk/2010/05/01/date-left.jpg]
Thu Jul 15 22:21:14 IST 2010: skipped [http://www.dinamina.lk/2010/05/01/date-center.jpg]
Thu Jul 15 22:21:14 IST 2010: already visited [http://www.dinamina.lk/img/dinamina_sinhala.asp]
Thu Jul 15 22:21:14 IST 2010: skipped [http://www.dinamina.lk/img/sinhalaganna05.jpg]
Thu Jul 15 22:21:14 IST 2010: already visited [http://www.dinamina.lk/img/archives.asp]
Thu Jul 15 22:21:14 IST 2010: skipped [http://www.dinamina.lk/img/pasugiyakalapa05.jpg]
Thu Jul 15 22:21:14 IST 2010: already visited [http://www.dinamina.lk/advt/]
Thu Jul 15 22:21:14 IST 2010: skipped [http://www.dinamina.lk/img/danveemgasthu05.jpg]
Thu Jul 15 22:21:14 IST 2010: skipped [http://www.dinamina.lk/2010/05/01/spacer.gif]
Thu Jul 15 22:21:14 IST 2010: skipped [http://www.dinamina.lk/2010/05/01/spacer.gif]
Thu Jul 15 22:21:14 IST 2010: skipped [http://www.dinamina.lk/2010/05/01/spacer.gif]
Thu Jul 15 22:21:14 IST 2010: skipped [http://www.dinamina.lk/2010/05/01/spacer.gif]
Thu Jul 15 22:21:14 IST 2010: skipped [http://www.dinamina.lk/2010/05/01/spacer.gif]
Thu Jul 15 22:21:14 IST 2010: skipped [http://www.dinamina.lk/2010/05/01/spacer.gif]
Thu Jul 15 22:21:14 IST 2010: skipped [http://www.dinamina.lk/2010/05/01/spacer.gif]
Thu Jul 15 22:21:14 IST 2010: skipped [http://www.dinamina.lk/2010/05/01/spacer.gif]
Thu Jul 15 22:21:14 IST 2010: skipped [http://www.dinamina.lk/2010/05/01/spacer.gif]
Thu Jul 15 22:21:14 IST 2010: skipped [http://www.dinamina.lk/2010/05/01/spacer.gif]
Thu Jul 15 22:21:14 IST 2010: skipped [http://www.dinamina.lk/2010/05/01/spacer.gif]
Thu Jul 15 22:21:14 IST 2010: already visited [http://www.dinamina.lk/2010/05/01]
Thu Jul 15 22:21:14 IST 2010: skipped [http://www.dinamina.lk/img/_links_r1_c1.jpg]
Thu Jul 15 22:21:14 IST 2010: already visited [http://www.dinamina.lk/2010/05/01/_art.asp?fn=e100501]
Thu Jul 15 22:21:14 IST 2010: skipped [http://www.dinamina.lk/img/_links_r1_c2.jpg]
Thu Jul 15 22:21:14 IST 2010: already visited [http://www.dinamina.lk/2010/05/01/_art.asp?fn=u1005011]
Thu Jul 15 22:21:14 IST 2010: skipped [http://www.dinamina.lk/img/_links_r1_c3.jpg]
Thu Jul 15 22:21:14 IST 2010: already visited [http://www.dinamina.lk/2010/05/01/_art.asp?fn=p1005011]
Thu Jul 15 22:21:14 IST 2010: skipped [http://www.dinamina.lk/img/_links_r1_c4.jpg]
Thu Jul 15 22:21:14 IST 2010: already visited [http://www.dinamina.lk/2010/05/01/_art.asp?fn=s1005011]
Thu Jul 15 22:21:14 IST 2010: skipped [http://www.dinamina.lk/img/_links_r1_c5.jpg]
Thu Jul 15 22:21:14 IST 2010: already visited [http://www.dinamina.lk/2010/05/01/_art.asp?fn=f1005011]
Thu Jul 15 22:21:14 IST 2010: skipped [http://www.dinamina.lk/img/_links_r1_c6.jpg]
Thu Jul 15 22:21:14 IST 2010: already visited [http://www.dinamina.lk/2010/05/01/_art.asp?fn=r1005011]
Thu Jul 15 22:21:14 IST 2010: skipped [http://www.dinamina.lk/img/_links_r1_c7.jpg]
Thu Jul 15 22:21:14 IST 2010: already visited [http://www.dinamina.lk/2010/05/01/_art.asp?fn=w1005011]
Thu Jul 15 22:21:14 IST 2010: skipped [http://www.dinamina.lk/img/_links_r1_c8.jpg]
Thu Jul 15 22:21:14 IST 2010: already visited [http://www.dinamina.lk/2010/05/01/_cartoon.asp]
Thu Jul 15 22:21:14 IST 2010: skipped [http://www.dinamina.lk/img/_links_r1_c9.jpg]
Thu Jul 15 22:21:14 IST 2010: already visited [http://www.dinamina.lk/2010/05/01/_art.asp?fn=o100501]
Thu Jul 15 22:21:14 IST 2010: skipped [http://www.dinamina.lk/img/_links_r1_c10.jpg]
Thu Jul 15 22:21:14 IST 2010: skipped [http://www.dinamina.lk/2010/05/01/spacer.gif]
Thu Jul 15 22:21:14 IST 2010: skipped [http://www.dinamina.lk/img/e.jpg]
Thu Jul 15 22:21:14 IST 2010: skipped [http://www.dinamina.lk/img/e_11.jpg]
Thu Jul 15 22:21:14 IST 2010: skipped [http://www.dinamina.lk/2010/05/01/dinamina.css]
Thu Jul 15 22:21:14 IST 2010: skipped කර්තෘට ලියන්න [mailto:editor@dinamina.lk?subject=Feedback:]
Thu Jul 15 22:21:14 IST 2010: skipped [http://www.dinamina.lk/img/email_icon.jpg]
Thu Jul 15 22:21:14 IST 2010: queued මුද්‍රණය සඳහා [http://www.dinamina.lk/2010/05/01/_art.asp?fn=e100501&p=1]
Thu Jul 15 22:21:14 IST 2010: skipped [http://www.dinamina.lk/img/print_icon1.gif]
Thu Jul 15 22:21:14 IST 2010: skipped [http://www.lakehouse.lk]
Thu Jul 15 22:21:14 IST 2010: skipped [http://www.dinamina.lk/img/Common/mastheads/lakehouse-head.jpg]
Thu Jul 15 22:21:14 IST 2010: skipped [http://www.silumina.lk]
Thu Jul 15 22:21:14 IST 2010: skipped [http://www.dinamina.lk/img/Common/mastheads/silu-head.jpg]
Thu Jul 15 22:21:14 IST 2010: skipped [http://www.sundayobserver.lk]
Thu Jul 15 22:21:14 IST 2010: skipped [http://www.dinamina.lk/img/Common/mastheads/so-head.jpg]
Thu Jul 15 22:21:14 IST 2010: skipped [http://www.dailynews.lk]
Thu Jul 15 22:21:14 IST 2010: skipped [http://www.dinamina.lk/img/Common/mastheads/cdn-head.jpg]
Thu Jul 15 22:21:14 IST 2010: skipped [http://www.thinakaran.lk]
Thu Jul 15 22:21:14 IST 2010: skipped [http://www.dinamina.lk/img/Common/mastheads/tkn-head.jpg]
Thu Jul 15 22:21:14 IST 2010: skipped [http://www.lakehouse.lk/budusarana]
Thu Jul 15 22:21:14 IST 2010: skipped [http://www.dinamina.lk/img/Common/mastheads/budu-head.jpg]
Thu Jul 15 22:21:14 IST 2010: skipped [http://www.sarasaviya.lk]
Thu Jul 15 22:21:14 IST 2010: skipped [http://www.dinamina.lk/img/Common/mastheads/sarasaviya.jpg]
Thu Jul 15 22:21:14 IST 2010: skipped [http://www.lakehouse.lk/mihintalava]
Thu Jul 15 22:21:14 IST 2010: skipped [http://www.dinamina.lk/img/Common/mastheads/mihin-head.jpg]
Thu Jul 15 22:21:14 IST 2010: skipped [http://www.dinamina.lk/img/footer-2010.jpg]
Thu Jul 15 22:21:14 IST 2010: skipped webmanager@lakehouse.lk [mailto:webmanager@lakehouse.lk]
Thu Jul 15 22:21:14 IST 2010: skipped [http://www.google-analytics.com/urchin.js]
Thu Jul 15 22:21:14 IST 2010: visited [http://www.dinamina.lk/2010/05/01/_art.asp?fn=e100501]
Thu Jul 15 22:21:14 IST 2010: retrieving මුද්‍රණය සඳහා [http://www.dinamina.lk/2010/05/01/_art.asp?fn=e100501&p=1]
Thu Jul 15 22:21:15 IST 2010: downloaded මුද්‍රණය සඳහා [http://www.dinamina.lk/2010/05/01/_art.asp?fn=e100501&p=1]
Thu Jul 15 22:21:15 IST 2010: skipped [http://www.dinamina.lk/2010/05/01/dinamina.css]
Thu Jul 15 22:21:15 IST 2010: skipped [http://www.dinamina.lk/img/Dinamina_Print.jpg]
Thu Jul 15 22:21:15 IST 2010: skipped [http://www.dinamina.lk/2010/05/01/qvgl]
Thu Jul 15 22:21:15 IST 2010: skipped [http://www.dinamina.lk/img/print_icon1.gif]
Thu Jul 15 22:21:15 IST 2010: skipped [http://www.dinamina.lk/2010/05/01/dinamina.css]
Thu Jul 15 22:21:15 IST 2010: skipped webmanager@lakehouse.lk [mailto:webmanager@lakehouse.lk?subject=දිණමිණ]
Thu Jul 15 22:21:15 IST 2010: visited මුද්‍රණය සඳහා [http://www.dinamina.lk/2010/05/01/_art.asp?fn=e100501&p=1]
Thu Jul 15 22:21:15 IST 2010: retrieving 2 [http://www.dinamina.lk/2010/07/02]
Thu Jul 15 22:21:17 IST 2010: downloaded ලංවිම ජාතික සේවක සංගමය ඇමැති පාඨලීට සහාය පළ කරයි [http://www.dinamina.lk/2010/05/01/_art.asp?fn=p1005012]
Thu Jul 15 22:21:18 IST 2010: skipped [http://www.dinamina.lk/2010/05/01/dinamina.css]
Thu Jul 15 22:21:18 IST 2010: skipped [http://www.dinamina.lk/img/lh-logo-L_2009.jpg]
Thu Jul 15 22:21:18 IST 2010: skipped [http://www.dinamina.lk/img/mh-070122.jpg]
Thu Jul 15 22:21:18 IST 2010: skipped [http://www.dinamina.lk/img/top_sinhala-3.jpg]
Thu Jul 15 22:21:18 IST 2010: skipped [http://www.dinamina.lk/img/S-Flag.gif]
Thu Jul 15 22:21:18 IST 2010: skipped [http://www.dinamina.lk/2010/05/01/date-left.jpg]
Thu Jul 15 22:21:18 IST 2010: skipped [http://www.dinamina.lk/2010/05/01/date-center.jpg]
Thu Jul 15 22:21:18 IST 2010: already visited [http://www.dinamina.lk/img/dinamina_sinhala.asp]
Thu 